# JRE version: OpenJDK Runtime Environment (17.0.10) (build 17.0.10+0--11609105)
# Java VM: OpenJDK 64-Bit Server VM (17.0.10+0--11609105, mixed mode, tiered, compressed oops, compressed class ptrs, g1 gc, windows-amd64)
GC Precious Log:
 CPUs: 4 total, 4 available
 Memory: 8097M
 Large Page Support: Disabled
 NUMA Support: Disabled
 Compressed Oops: Enabled (32-bit)
 Heap Region Size: 1M
 Heap Min Capacity: 8M
 Heap Initial Capacity: 128M
 Heap Max Capacity: 2G
 Pre-touch: Disabled
 Parallel Workers: 4
 Concurrent Workers: 1
 Concurrent Refinement Workers: 4
 Periodic GC: Disabled
Heap:
 garbage-first heap   total 570368K, used 149226K [0x0000000080000000, 0x0000000100000000)
  region size 1024K, 1 young (1024K), 1 survivors (1024K)
 Metaspace       used 147835K, committed 150080K, reserved 1179648K
  class space    used 19909K, committed 20992K, reserved 1048576K
GC Heap History (20 events):
Event: 10986.682 GC heap after
{Heap after GC invocations=127 (full 1):
 garbage-first heap   total 577536K, used 146587K [0x0000000080000000, 0x0000000100000000)
  region size 1024K, 2 young (2048K), 2 survivors (2048K)
 Metaspace       used 147107K, committed 149248K, reserved 1179648K
  class space    used 19897K, committed 20992K, reserved 1048576K
}
Event: 10986.748 GC heap before
{Heap before GC invocations=127 (full 1):
 garbage-first heap   total 577536K, used 147611K [0x0000000080000000, 0x0000000100000000)
  region size 1024K, 4 young (4096K), 2 survivors (2048K)
 Metaspace       used 147107K, committed 149248K, reserved 1179648K
  class space    used 19897K, committed 20992K, reserved 1048576K
}
Event: 10986.750 GC heap after
{Heap after GC invocations=128 (full 1):
 garbage-first heap   total 577536K, used 145134K [0x0000000080000000, 0x0000000100000000)
  region size 1024K, 1 young (1024K), 1 survivors (1024K)
 Metaspace       used 147107K, committed 149248K, reserved 1179648K
  class space    used 19897K, committed 20992K, reserved 1048576K
}
Event: 11141.737 GC heap before
{Heap before GC invocations=129 (full 1):
 garbage-first heap   total 577536K, used 524782K [0x0000000080000000, 0x0000000100000000)
  region size 1024K, 321 young (328704K), 1 survivors (1024K)
 Metaspace       used 147361K, committed 149568K, reserved 1179648K
  class space    used 19905K, committed 20992K, reserved 1048576K
}
Event: 11141.772 GC heap after
{Heap after GC invocations=130 (full 1):
 garbage-first heap   total 577536K, used 159702K [0x0000000080000000, 0x0000000100000000)
  region size 1024K, 16 young (16384K), 16 survivors (16384K)
 Metaspace       used 147361K, committed 149568K, reserved 1179648K
  class space    used 19905K, committed 20992K, reserved 1048576K
}
Event: 11141.918 GC heap before
{Heap before GC invocations=130 (full 1):
 garbage-first heap   total 577536K, used 170966K [0x0000000080000000, 0x0000000100000000)
  region size 1024K, 28 young (28672K), 16 survivors (16384K)
 Metaspace       used 147366K, committed 149568K, reserved 1179648K
  class space    used 19905K, committed 20992K, reserved 1048576K
}
Event: 11141.956 GC heap after
{Heap after GC invocations=131 (full 1):
 garbage-first heap   total 577536K, used 149742K [0x0000000080000000, 0x0000000100000000)
  region size 1024K, 3 young (3072K), 3 survivors (3072K)
 Metaspace       used 147366K, committed 149568K, reserved 1179648K
  class space    used 19905K, committed 20992K, reserved 1048576K
}
Event: 11142.080 GC heap before
{Heap before GC invocations=131 (full 1):
 garbage-first heap   total 577536K, used 158958K [0x0000000080000000, 0x0000000100000000)
  region size 1024K, 14 young (14336K), 3 survivors (3072K)
 Metaspace       used 147367K, committed 149568K, reserved 1179648K
  class space    used 19905K, committed 20992K, reserved 1048576K
}
Event: 11142.083 GC heap after
{Heap after GC invocations=132 (full 1):
 garbage-first heap   total 577536K, used 147414K [0x0000000080000000, 0x0000000100000000)
  region size 1024K, 1 young (1024K), 1 survivors (1024K)
 Metaspace       used 147367K, committed 149568K, reserved 1179648K
  class space    used 19905K, committed 20992K, reserved 1048576K
}
Event: 11370.144 GC heap before
{Heap before GC invocations=133 (full 1):
 garbage-first heap   total 570368K, used 522198K [0x0000000080000000, 0x0000000100000000)
  region size 1024K, 325 young (332800K), 1 survivors (1024K)
 Metaspace       used 147451K, committed 149632K, reserved 1179648K
  class space    used 19905K, committed 20992K, reserved 1048576K
}
Event: 11370.184 GC heap after
{Heap after GC invocations=134 (full 1):
 garbage-first heap   total 570368K, used 152473K [0x0000000080000000, 0x0000000100000000)
  region size 1024K, 15 young (15360K), 15 survivors (15360K)
 Metaspace       used 147451K, committed 149632K, reserved 1179648K
  class space    used 19905K, committed 20992K, reserved 1048576K
}
Event: 11370.239 GC heap before
{Heap before GC invocations=134 (full 1):
 garbage-first heap   total 570368K, used 164761K [0x0000000080000000, 0x0000000100000000)
  region size 1024K, 27 young (27648K), 15 survivors (15360K)
 Metaspace       used 147453K, committed 149632K, reserved 1179648K
  class space    used 19905K, committed 20992K, reserved 1048576K
}
Event: 11370.282 GC heap after
{Heap after GC invocations=135 (full 1):
 garbage-first heap   total 570368K, used 148818K [0x0000000080000000, 0x0000000100000000)
  region size 1024K, 3 young (3072K), 3 survivors (3072K)
 Metaspace       used 147453K, committed 149632K, reserved 1179648K
  class space    used 19905K, committed 20992K, reserved 1048576K
}
Event: 11370.585 GC heap before
{Heap before GC invocations=135 (full 1):
 garbage-first heap   total 570368K, used 197970K [0x0000000080000000, 0x0000000100000000)
  region size 1024K, 53 young (54272K), 3 survivors (3072K)
 Metaspace       used 147490K, committed 149696K, reserved 1179648K
  class space    used 19905K, committed 20992K, reserved 1048576K
}
Event: 11370.588 GC heap after
{Heap after GC invocations=136 (full 1):
 garbage-first heap   total 570368K, used 146926K [0x0000000080000000, 0x0000000100000000)
  region size 1024K, 1 young (1024K), 1 survivors (1024K)
 Metaspace       used 147490K, committed 149696K, reserved 1179648K
  class space    used 19905K, committed 20992K, reserved 1048576K
}
Event: 11570.912 GC heap before
{Heap before GC invocations=137 (full 1):
 garbage-first heap   total 570368K, used 524782K [0x0000000080000000, 0x0000000100000000)
  region size 1024K, 324 young (331776K), 1 survivors (1024K)
 Metaspace       used 147788K, committed 150016K, reserved 1179648K
  class space    used 19905K, committed 20992K, reserved 1048576K
}
Event: 11570.943 GC heap after
{Heap after GC invocations=138 (full 1):
 garbage-first heap   total 570368K, used 156450K [0x0000000080000000, 0x0000000100000000)
  region size 1024K, 15 young (15360K), 15 survivors (15360K)
 Metaspace       used 147788K, committed 150016K, reserved 1179648K
  class space    used 19905K, committed 20992K, reserved 1048576K
}
Event: 11571.070 GC heap before
{Heap before GC invocations=138 (full 1):
 garbage-first heap   total 570368K, used 167714K [0x0000000080000000, 0x0000000100000000)
  region size 1024K, 27 young (27648K), 15 survivors (15360K)
 Metaspace       used 147793K, committed 150016K, reserved 1179648K
  class space    used 19905K, committed 20992K, reserved 1048576K
}
Event: 11571.114 GC heap after
{Heap after GC invocations=139 (full 1):
 garbage-first heap   total 570368K, used 151565K [0x0000000080000000, 0x0000000100000000)
  region size 1024K, 3 young (3072K), 3 survivors (3072K)
 Metaspace       used 147793K, committed 150016K, reserved 1179648K
  class space    used 19905K, committed 20992K, reserved 1048576K
}
Event: 11571.283 GC heap before
{Heap before GC invocations=139 (full 1):
 garbage-first heap   total 570368K, used 161805K [0x0000000080000000, 0x0000000100000000)
  region size 1024K, 15 young (15360K), 3 survivors (3072K)
 Metaspace       used 147835K, committed 150080K, reserved 1179648K
  class space    used 19909K, committed 20992K, reserved 1048576K
}

